mode: count
github.com/leef-l/brain/brains/easymvp/cmd/brain-easymvp-sidecar/main.go:11.13,13.34 2 0
github.com/leef-l/brain/brains/easymvp/cmd/brain-easymvp-sidecar/main.go:13.34,14.50 1 0
github.com/leef-l/brain/brains/easymvp/cmd/brain-easymvp-sidecar/main.go:14.50,16.4 1 0
github.com/leef-l/brain/brains/easymvp/cmd/brain-easymvp-sidecar/main.go:19.2,20.18 2 0
github.com/leef-l/brain/brains/easymvp/cmd/brain-easymvp-sidecar/main.go:20.18,22.65 2 0
github.com/leef-l/brain/brains/easymvp/cmd/brain-easymvp-sidecar/main.go:22.65,25.4 2 0
github.com/leef-l/brain/brains/easymvp/cmd/brain-easymvp-sidecar/main.go:26.8,28.46 2 0
github.com/leef-l/brain/brains/easymvp/cmd/brain-easymvp-sidecar/main.go:28.46,31.4 2 0
github.com/leef-l/brain/brains/easymvp/contracts.go:15.113,16.21 1 0
github.com/leef-l/brain/brains/easymvp/contracts.go:16.21,18.3 1 0
github.com/leef-l/brain/brains/easymvp/contracts.go:19.2,28.16 4 0
github.com/leef-l/brain/brains/easymvp/contracts.go:28.16,31.3 2 0
github.com/leef-l/brain/brains/easymvp/contracts.go:32.2,33.24 2 0
github.com/leef-l/brain/brains/easymvp/contracts.go:33.24,35.3 1 0
github.com/leef-l/brain/brains/easymvp/contracts.go:36.2,37.21 2 0
github.com/leef-l/brain/brains/easymvp/contracts.go:42.122,43.44 1 0
github.com/leef-l/brain/brains/easymvp/contracts.go:43.44,46.17 3 0
github.com/leef-l/brain/brains/easymvp/contracts.go:46.17,47.20 1 0
github.com/leef-l/brain/brains/easymvp/contracts.go:47.20,50.13 3 0
github.com/leef-l/brain/brains/easymvp/contracts.go:52.4,52.18 1 0
github.com/leef-l/brain/brains/easymvp/contracts.go:54.3,55.81 2 0
github.com/leef-l/brain/brains/easymvp/contracts.go:55.81,58.4 2 0
github.com/leef-l/brain/brains/easymvp/contracts.go:59.3,59.27 1 0
github.com/leef-l/brain/brains/easymvp/contracts.go:59.27,61.4 1 0
github.com/leef-l/brain/brains/easymvp/contracts.go:61.9,63.4 1 0
github.com/leef-l/brain/brains/easymvp/contracts.go:64.3,64.19 1 0
github.com/leef-l/brain/brains/easymvp/contracts.go:64.19,67.12 3 0
github.com/leef-l/brain/brains/easymvp/contracts.go:69.3,70.22 2 0
github.com/leef-l/brain/brains/easymvp/contracts.go:72.2,72.53 1 0
github.com/leef-l/brain/brains/easymvp/contracts.go:75.33,78.2 2 19
github.com/leef-l/brain/brains/easymvp/contracts.go:82.52,83.49 1 12
github.com/leef-l/brain/brains/easymvp/contracts.go:83.49,85.3 1 2
github.com/leef-l/brain/brains/easymvp/contracts.go:86.2,90.34 5 10
github.com/leef-l/brain/brains/easymvp/contracts.go:90.34,92.17 2 66
github.com/leef-l/brain/brains/easymvp/contracts.go:92.17,94.12 2 2
github.com/leef-l/brain/brains/easymvp/contracts.go:96.3,96.28 1 64
github.com/leef-l/brain/brains/easymvp/contracts.go:96.28,98.12 2 2
github.com/leef-l/brain/brains/easymvp/contracts.go:100.3,100.15 1 62
github.com/leef-l/brain/brains/easymvp/contracts.go:100.15,102.12 2 16
github.com/leef-l/brain/brains/easymvp/contracts.go:104.3,104.15 1 46
github.com/leef-l/brain/brains/easymvp/contracts.go:104.15,105.12 1 17
github.com/leef-l/brain/brains/easymvp/contracts.go:107.3,107.27 1 29
github.com/leef-l/brain/brains/easymvp/contracts.go:107.27,109.4 1 0
github.com/leef-l/brain/brains/easymvp/contracts.go:109.9,109.34 1 29
github.com/leef-l/brain/brains/easymvp/contracts.go:109.34,111.86 2 8
github.com/leef-l/brain/brains/easymvp/contracts.go:111.86,113.5 1 8
github.com/leef-l/brain/brains/easymvp/contracts.go:116.2,116.11 1 2
github.com/leef-l/brain/brains/easymvp/contracts.go:121.46,123.56 2 6
github.com/leef-l/brain/brains/easymvp/contracts.go:123.56,125.3 1 2
github.com/leef-l/brain/brains/easymvp/contracts.go:126.2,127.45 2 4
github.com/leef-l/brain/brains/easymvp/contracts.go:134.43,136.20 2 6
github.com/leef-l/brain/brains/easymvp/contracts.go:136.20,138.3 1 1
github.com/leef-l/brain/brains/easymvp/contracts.go:140.2,140.33 1 5
github.com/leef-l/brain/brains/easymvp/contracts.go:140.33,143.30 3 1
github.com/leef-l/brain/brains/easymvp/contracts.go:143.30,144.48 1 3
github.com/leef-l/brain/brains/easymvp/contracts.go:144.48,145.13 1 1
github.com/leef-l/brain/brains/easymvp/contracts.go:147.4,147.40 1 2
github.com/leef-l/brain/brains/easymvp/contracts.go:147.40,148.13 1 1
github.com/leef-l/brain/brains/easymvp/contracts.go:150.4,150.27 1 1
github.com/leef-l/brain/brains/easymvp/contracts.go:152.3,153.21 2 1
github.com/leef-l/brain/brains/easymvp/contracts.go:153.21,155.4 1 1
github.com/leef-l/brain/brains/easymvp/contracts.go:159.2,159.30 1 4
github.com/leef-l/brain/brains/easymvp/contracts.go:159.30,160.18 1 59
github.com/leef-l/brain/brains/easymvp/contracts.go:160.18,161.12 1 57
github.com/leef-l/brain/brains/easymvp/contracts.go:163.3,164.48 2 2
github.com/leef-l/brain/brains/easymvp/contracts.go:164.48,166.4 1 2
github.com/leef-l/brain/brains/easymvp/contracts.go:169.2,169.30 1 2
github.com/leef-l/brain/brains/easymvp/contracts.go:169.30,170.18 1 33
github.com/leef-l/brain/brains/easymvp/contracts.go:170.18,171.12 1 32
github.com/leef-l/brain/brains/easymvp/contracts.go:173.3,174.48 2 1
github.com/leef-l/brain/brains/easymvp/contracts.go:174.48,176.4 1 1
github.com/leef-l/brain/brains/easymvp/contracts.go:178.2,178.10 1 1
github.com/leef-l/brain/brains/easymvp/contracts.go:183.165,193.23 2 3
github.com/leef-l/brain/brains/easymvp/contracts.go:193.23,194.33 1 3
github.com/leef-l/brain/brains/easymvp/contracts.go:195.24,196.21 1 2
github.com/leef-l/brain/brains/easymvp/contracts.go:196.21,198.5 1 1
github.com/leef-l/brain/brains/easymvp/contracts.go:198.10,203.5 2 1
github.com/leef-l/brain/brains/easymvp/contracts.go:204.15,205.43 1 0
github.com/leef-l/brain/brains/easymvp/contracts.go:206.11,208.43 2 1
github.com/leef-l/brain/brains/easymvp/contracts.go:211.2,212.16 2 3
github.com/leef-l/brain/brains/easymvp/contracts.go:212.16,218.3 2 0
github.com/leef-l/brain/brains/easymvp/contracts.go:220.2,223.3 1 3
github.com/leef-l/brain/brains/easymvp/contracts.go:230.130,242.60 3 0
github.com/leef-l/brain/brains/easymvp/contracts.go:242.60,245.3 2 0
github.com/leef-l/brain/brains/easymvp/contracts.go:246.2,257.35 4 0
github.com/leef-l/brain/brains/easymvp/contracts.go:257.35,259.3 1 0
github.com/leef-l/brain/brains/easymvp/contracts.go:260.2,264.16 4 0
github.com/leef-l/brain/brains/easymvp/contracts.go:264.16,267.3 2 0
github.com/leef-l/brain/brains/easymvp/contracts.go:268.2,270.42 2 0
github.com/leef-l/brain/brains/easymvp/contracts.go:270.42,273.3 2 0
github.com/leef-l/brain/brains/easymvp/contracts.go:274.2,282.20 4 0
github.com/leef-l/brain/brains/easymvp/contracts.go:294.16,296.48 2 0
github.com/leef-l/brain/brains/easymvp/contracts.go:296.48,297.39 1 0
github.com/leef-l/brain/brains/easymvp/contracts.go:297.39,299.9 2 0
github.com/leef-l/brain/brains/easymvp/contracts.go:302.2,313.3 3 0
github.com/leef-l/brain/brains/easymvp/contracts.go:320.107,330.60 2 0
github.com/leef-l/brain/brains/easymvp/contracts.go:330.60,332.3 1 0
github.com/leef-l/brain/brains/easymvp/contracts.go:334.2,351.16 4 0
github.com/leef-l/brain/brains/easymvp/contracts.go:351.16,353.3 1 0
github.com/leef-l/brain/brains/easymvp/contracts.go:354.2,357.39 3 0
github.com/leef-l/brain/brains/easymvp/contracts.go:357.39,360.3 2 0
github.com/leef-l/brain/brains/easymvp/contracts.go:361.2,366.8 1 0
github.com/leef-l/brain/brains/easymvp/contracts.go:369.43,371.56 2 0
github.com/leef-l/brain/brains/easymvp/contracts.go:371.56,373.3 1 0
github.com/leef-l/brain/brains/easymvp/contracts.go:374.2,377.116 4 0
github.com/leef-l/brain/brains/easymvp/contracts.go:380.51,382.56 2 4
github.com/leef-l/brain/brains/easymvp/contracts.go:382.56,384.3 1 1
github.com/leef-l/brain/brains/easymvp/contracts.go:385.2,385.71 1 3
github.com/leef-l/brain/brains/easymvp/contracts.go:385.71,387.3 1 1
github.com/leef-l/brain/brains/easymvp/contracts.go:388.2,389.18 2 3
github.com/leef-l/brain/brains/easymvp/contracts.go:400.16,416.2 2 0
github.com/leef-l/brain/brains/easymvp/contracts.go:422.108,429.60 2 0
github.com/leef-l/brain/brains/easymvp/contracts.go:429.60,431.3 1 0
github.com/leef-l/brain/brains/easymvp/contracts.go:433.2,447.16 4 0
github.com/leef-l/brain/brains/easymvp/contracts.go:447.16,449.3 1 0
github.com/leef-l/brain/brains/easymvp/contracts.go:450.2,452.41 2 0
github.com/leef-l/brain/brains/easymvp/contracts.go:452.41,455.3 2 0
github.com/leef-l/brain/brains/easymvp/contracts.go:456.2,461.8 1 0
github.com/leef-l/brain/brains/easymvp/contracts.go:464.45,466.56 2 0
github.com/leef-l/brain/brains/easymvp/contracts.go:466.56,468.3 1 0
github.com/leef-l/brain/brains/easymvp/contracts.go:469.2,472.97 4 0
github.com/leef-l/brain/brains/easymvp/contracts.go:480.16,499.37 6 0
github.com/leef-l/brain/brains/easymvp/contracts.go:499.37,502.21 3 0
github.com/leef-l/brain/brains/easymvp/contracts.go:502.21,504.50 2 0
github.com/leef-l/brain/brains/easymvp/contracts.go:504.50,506.5 1 0
github.com/leef-l/brain/brains/easymvp/contracts.go:508.3,509.52 2 0
github.com/leef-l/brain/brains/easymvp/contracts.go:509.52,511.4 1 0
github.com/leef-l/brain/brains/easymvp/contracts.go:512.3,531.41 6 0
github.com/leef-l/brain/brains/easymvp/contracts.go:534.2,534.29 1 0
github.com/leef-l/brain/brains/easymvp/contracts.go:534.29,547.3 1 0
github.com/leef-l/brain/brains/easymvp/contracts.go:549.2,560.3 2 0
github.com/leef-l/brain/brains/easymvp/contracts.go:567.109,576.60 2 0
github.com/leef-l/brain/brains/easymvp/contracts.go:576.60,578.3 1 0
github.com/leef-l/brain/brains/easymvp/contracts.go:580.2,591.16 4 0
github.com/leef-l/brain/brains/easymvp/contracts.go:591.16,593.3 1 0
github.com/leef-l/brain/brains/easymvp/contracts.go:594.2,599.8 1 0
github.com/leef-l/brain/brains/easymvp/contracts.go:609.16,621.2 2 0
github.com/leef-l/brain/brains/easymvp/contracts.go:627.109,634.60 2 0
github.com/leef-l/brain/brains/easymvp/contracts.go:634.60,636.3 1 0
github.com/leef-l/brain/brains/easymvp/contracts.go:638.2,656.16 4 0
github.com/leef-l/brain/brains/easymvp/contracts.go:656.16,658.3 1 0
github.com/leef-l/brain/brains/easymvp/contracts.go:659.2,664.8 1 0
github.com/leef-l/brain/brains/easymvp/contracts.go:672.16,691.2 2 0
github.com/leef-l/brain/brains/easymvp/contracts.go:697.114,704.60 2 0
github.com/leef-l/brain/brains/easymvp/contracts.go:704.60,706.3 1 0
github.com/leef-l/brain/brains/easymvp/contracts.go:708.2,722.16 4 0
github.com/leef-l/brain/brains/easymvp/contracts.go:722.16,724.3 1 0
github.com/leef-l/brain/brains/easymvp/contracts.go:725.2,730.8 1 0
github.com/leef-l/brain/brains/easymvp/contracts.go:738.16,753.2 2 0
github.com/leef-l/brain/brains/easymvp/contracts.go:759.119,767.60 2 0
github.com/leef-l/brain/brains/easymvp/contracts.go:767.60,769.3 1 0
github.com/leef-l/brain/brains/easymvp/contracts.go:771.2,791.16 4 0
github.com/leef-l/brain/brains/easymvp/contracts.go:791.16,793.3 1 0
github.com/leef-l/brain/brains/easymvp/contracts.go:794.2,799.8 1 0
github.com/leef-l/brain/brains/easymvp/contracts.go:808.16,828.2 2 0
github.com/leef-l/brain/brains/easymvp/contracts.go:834.117,840.60 2 0
github.com/leef-l/brain/brains/easymvp/contracts.go:840.60,842.3 1 0
github.com/leef-l/brain/brains/easymvp/contracts.go:844.2,857.16 4 0
github.com/leef-l/brain/brains/easymvp/contracts.go:857.16,859.3 1 0
github.com/leef-l/brain/brains/easymvp/contracts.go:860.2,865.8 1 0
github.com/leef-l/brain/brains/easymvp/contracts.go:872.16,886.2 2 0
github.com/leef-l/brain/brains/easymvp/handler.go:22.28,24.2 1 0
github.com/leef-l/brain/brains/easymvp/handler.go:26.37,26.65 1 0
github.com/leef-l/brain/brains/easymvp/handler.go:27.37,27.55 1 0
github.com/leef-l/brain/brains/easymvp/handler.go:29.36,31.2 1 0
github.com/leef-l/brain/brains/easymvp/handler.go:33.64,35.2 1 0
github.com/leef-l/brain/brains/easymvp/handler.go:37.113,38.16 1 0
github.com/leef-l/brain/brains/easymvp/handler.go:39.23,40.38 1 0
github.com/leef-l/brain/brains/easymvp/handler.go:42.2,42.39 1 0
github.com/leef-l/brain/brains/easymvp/handler.go:45.99,54.53 2 0
github.com/leef-l/brain/brains/easymvp/handler.go:54.53,56.3 1 0
github.com/leef-l/brain/brains/easymvp/handler.go:58.2,60.24 3 0
github.com/leef-l/brain/brains/easymvp/handler.go:60.24,62.3 1 0
github.com/leef-l/brain/brains/easymvp/handler.go:64.2,64.22 1 0
github.com/leef-l/brain/brains/easymvp/handler.go:68.24,69.66 1 0
github.com/leef-l/brain/brains/easymvp/handler.go:70.21,71.46 1 0
github.com/leef-l/brain/brains/easymvp/handler.go:72.22,73.47 1 0
github.com/leef-l/brain/brains/easymvp/handler.go:74.23,75.48 1 0
github.com/leef-l/brain/brains/easymvp/handler.go:76.23,77.48 1 0
github.com/leef-l/brain/brains/easymvp/handler.go:78.28,79.53 1 0
github.com/leef-l/brain/brains/easymvp/handler.go:80.33,81.58 1 0
github.com/leef-l/brain/brains/easymvp/handler.go:82.31,83.56 1 0
github.com/leef-l/brain/brains/easymvp/handler.go:84.10,85.72 1 0
github.com/leef-l/brain/brains/easymvp/handler.go:89.53,91.51 1 7
github.com/leef-l/brain/brains/easymvp/handler.go:91.51,93.3 1 2
github.com/leef-l/brain/brains/easymvp/handler.go:94.2,95.13 2 5
github.com/leef-l/brain/brains/easymvp/handler.go:95.13,97.3 1 1
github.com/leef-l/brain/brains/easymvp/handler.go:98.2,98.62 1 4
